<?xml version="1.0" encoding="UTF-8"?>
<!-- Generated by org.testng.reporters.JUnitReportReporter -->
<testsuite hostname="DESKTOP-FK4NAAG" failures="0" tests="2" name="com.luv.amazon._015TestCase_CartPage_WoutLogin" time="21.255" errors="0" timestamp="2025-08-28T16:54:27 IST" skipped="1">
  <testcase classname="com.luv.amazon._015TestCase_CartPage_WoutLogin" name="addCart" time="3.756">
    <skipped/>
  </testcase> <!-- addCart -->
  <testcase classname="com.luv.amazon._015TestCase_CartPage_WoutLogin" name="addCart" time="17.499">
    <system-out>
      <![CDATA[Testcase Passed]]>
    </system-out>
  </testcase> <!-- addCart -->
  <system-out>
    <![CDATA[Testcase Failed
Testcase Passed
Testcase Passed
Testcase Passed
Testcase Passed]]>
  </system-out>
</testsuite> <!-- com.luv.amazon._015TestCase_CartPage_WoutLogin -->
