<?xml version="1.0" encoding="UTF-8"?>
<!-- Generated by org.testng.reporters.JUnitReportReporter -->
<testsuite hostname="DESKTOP-FK4NAAG" failures="0" tests="1" name="com.luv.amazon._005TestCase_SearchProduct" time="30.624" errors="0" timestamp="2025-08-28T19:04:14 IST" skipped="0">
  <testcase classname="com.luv.amazon._005TestCase_SearchProduct" name="searchProduct" time="30.624"/>
</testsuite> <!-- com.luv.amazon._005TestCase_SearchProduct -->
