<?xml version="1.0" encoding="UTF-8"?>
<!-- Generated by org.testng.reporters.JUnitReportReporter -->
<testsuite hostname="DESKTOP-FK4NAAG" failures="0" tests="1" name="com.luv.amazon._012TestCase_PaymentPage" time="23.575" errors="0" timestamp="2025-08-28T19:21:31 IST" skipped="0">
  <testcase classname="com.luv.amazon._012TestCase_PaymentPage" name="paymentPage" time="23.575"/>
</testsuite> <!-- com.luv.amazon._012TestCase_PaymentPage -->
