<?xml version="1.0" encoding="UTF-8"?>
<!-- Generated by org.testng.reporters.JUnitReportReporter -->
<testsuite hostname="DESKTOP-FK4NAAG" failures="0" tests="1" name="com.luv.amazon._002TestCaseLoginAmazon" time="15.845" errors="0" timestamp="2025-08-28T16:54:27 IST" skipped="0">
  <testcase classname="com.luv.amazon._002TestCaseLoginAmazon" name="loginAmazon" time="15.845">
    <system-out>
      <![CDATA[Testcase Passed]]>
    </system-out>
  </testcase> <!-- loginAmazon -->
  <system-out>
    <![CDATA[Testcase Failed
Testcase Passed
Testcase Passed
Testcase Passed
Testcase Passed]]>
  </system-out>
</testsuite> <!-- com.luv.amazon._002TestCaseLoginAmazon -->
