<?xml version="1.0" encoding="UTF-8"?>
<!-- Generated by org.testng.reporters.JUnitReportReporter -->
<testsuite hostname="DESKTOP-FK4NAAG" failures="0" tests="1" name="com.luv.amazon._009TestCase_AddCart" time="26.290" errors="0" timestamp="2025-08-28T19:16:07 IST" skipped="0">
  <testcase classname="com.luv.amazon._009TestCase_AddCart" name="addCart" time="26.290">
    <system-out>
      <![CDATA[Testcase Passed]]>
    </system-out>
  </testcase> <!-- addCart -->
  <system-out>
    <![CDATA[Testcase Passed]]>
  </system-out>
</testsuite> <!-- com.luv.amazon._009TestCase_AddCart -->
